c:\users\david\source\repos\conneriedeouf\dt's first engine\dt's first engine\x64\debug\vc143.pdb
c:\users\david\source\repos\conneriedeouf\dt's first engine\dt's first engine\x64\debug\vc143.idb
c:\users\david\source\repos\conneriedeouf\dt's first engine\dt's first engine\x64\debug\stb_image.obj
c:\users\david\source\repos\conneriedeouf\dt's first engine\dt's first engine\x64\debug\imgui_widgets.obj
c:\users\david\source\repos\conneriedeouf\dt's first engine\dt's first engine\x64\debug\imgui_tables.obj
c:\users\david\source\repos\conneriedeouf\dt's first engine\dt's first engine\x64\debug\imgui_impl_opengl3.obj
c:\users\david\source\repos\conneriedeouf\dt's first engine\dt's first engine\x64\debug\imgui_impl_glfw.obj
c:\users\david\source\repos\conneriedeouf\dt's first engine\dt's first engine\x64\debug\imgui_draw.obj
c:\users\david\source\repos\conneriedeouf\dt's first engine\dt's first engine\x64\debug\imgui_demo.obj
c:\users\david\source\repos\conneriedeouf\dt's first engine\dt's first engine\x64\debug\imgui.obj
c:\users\david\source\repos\conneriedeouf\dt's first engine\dt's first engine\x64\debug\glm.obj
c:\users\david\source\repos\conneriedeouf\dt's first engine\dt's first engine\x64\debug\shader.obj
c:\users\david\source\repos\conneriedeouf\dt's first engine\dt's first engine\x64\debug\application.obj
c:\users\david\source\repos\conneriedeouf\dt's first engine\x64\debug\dt's first engine.pdb
c:\users\david\source\repos\conneriedeouf\dt's first engine\dt's first engine\x64\debug\dt's fir.b0c26e17.tlog\cl.command.1.tlog
c:\users\david\source\repos\conneriedeouf\dt's first engine\dt's first engine\x64\debug\dt's fir.b0c26e17.tlog\cl.items.tlog
c:\users\david\source\repos\conneriedeouf\dt's first engine\dt's first engine\x64\debug\dt's fir.b0c26e17.tlog\cl.read.1.tlog
c:\users\david\source\repos\conneriedeouf\dt's first engine\dt's first engine\x64\debug\dt's fir.b0c26e17.tlog\cl.write.1.tlog
c:\users\david\source\repos\conneriedeouf\dt's first engine\dt's first engine\x64\debug\dt's fir.b0c26e17.tlog\link.command.1.tlog
c:\users\david\source\repos\conneriedeouf\dt's first engine\dt's first engine\x64\debug\dt's fir.b0c26e17.tlog\link.read.1.tlog
c:\users\david\source\repos\conneriedeouf\dt's first engine\dt's first engine\x64\debug\dt's fir.b0c26e17.tlog\link.write.1.tlog
